d:\ncu\class i\project-class\homework\linkedlist\linkedlist\debug\linkedlist.obj
d:\ncu\class i\project-class\homework\linkedlist\linkedlist\debug\vc100.pdb
d:\ncu\class i\project-class\homework\linkedlist\debug\linkedlist.ilk
d:\ncu\class i\project-class\homework\linkedlist\debug\linkedlist.exe
d:\ncu\class i\project-class\homework\linkedlist\linkedlist\debug\linkedlist.exe.intermediate.manifest
d:\ncu\class i\project-class\homework\linkedlist\debug\linkedlist.pdb
d:\ncu\class i\project-class\homework\linkedlist\linkedlist\debug\vc140.pdb
d:\ncu\class i\project-class\homework\linkedlist\linkedlist\debug\vc140.idb
d:\ncu\class i\project-class\homework\linkedlist\linkedlist\debug\linkedlist.vcxprojresolveassemblyreference.cache
d:\ncu\class i\project-class\homework\linkedlist\linkedlist\debug\cl.command.1.tlog
d:\ncu\class i\project-class\homework\linkedlist\linkedlist\debug\cl.read.1.tlog
d:\ncu\class i\project-class\homework\linkedlist\linkedlist\debug\cl.write.1.tlog
d:\ncu\class i\project-class\homework\linkedlist\linkedlist\debug\link.command.1.tlog
d:\ncu\class i\project-class\homework\linkedlist\linkedlist\debug\link.read.1.tlog
d:\ncu\class i\project-class\homework\linkedlist\linkedlist\debug\link.write.1.tlog
d:\ncu\class i\project-class\homework\linkedlist\linkedlist\debug\linkedlist.write.1.tlog
d:\ncu\class i\project-class\homework\linkedlist\linkedlist\debug\mt.command.1.tlog
d:\ncu\class i\project-class\homework\linkedlist\linkedlist\debug\mt.read.1.tlog
d:\ncu\class i\project-class\homework\linkedlist\linkedlist\debug\mt.write.1.tlog
d:\ncu\class i\project-class\homework\linkedlist\linkedlist\debug\vc100.idb
d:\ncu\class i\project-class\homework\linkedlist\linkedlist\debug\linkedlist.tlog\cl.command.1.tlog
d:\ncu\class i\project-class\homework\linkedlist\linkedlist\debug\linkedlist.tlog\cl.read.1.tlog
d:\ncu\class i\project-class\homework\linkedlist\linkedlist\debug\linkedlist.tlog\cl.write.1.tlog
d:\ncu\class i\project-class\homework\linkedlist\linkedlist\debug\linkedlist.tlog\link-cvtres.read.1.tlog
d:\ncu\class i\project-class\homework\linkedlist\linkedlist\debug\linkedlist.tlog\link-cvtres.write.1.tlog
d:\ncu\class i\project-class\homework\linkedlist\linkedlist\debug\linkedlist.tlog\link-rc.read.1.tlog
d:\ncu\class i\project-class\homework\linkedlist\linkedlist\debug\linkedlist.tlog\link-rc.write.1.tlog
d:\ncu\class i\project-class\homework\linkedlist\linkedlist\debug\linkedlist.tlog\link.command.1.tlog
d:\ncu\class i\project-class\homework\linkedlist\linkedlist\debug\linkedlist.tlog\link.read.1.tlog
d:\ncu\class i\project-class\homework\linkedlist\linkedlist\debug\linkedlist.tlog\link.write.1.tlog
